This file contains any messages produced by compilers while
running configure, to aid debugging if configure makes a mistake.

It was created by bazar configure 1.3.1, which was
generated by GNU Autoconf 2.69.  Invocation command line was

  $ ./configure --prefix=/usr --no-create --no-recursion

## --------- ##
## Platform. ##
## --------- ##

hostname = 7b130117d0c9
uname -m = x86_64
uname -r = 4.17.3-200.fc28.x86_64
uname -s = Linux
uname -v = #1 SMP Tue Jun 26 14:17:07 UTC 2018

/usr/bin/uname -p = unknown
/bin/uname -X     = unknown

/bin/arch              = unknown
/usr/bin/arch -k       = unknown
/usr/convex/getsysinfo = unknown
/usr/bin/hostinfo      = unknown
/bin/machine           = unknown
/usr/bin/oslevel       = unknown
/bin/universe          = unknown

PATH: /usr/local/sbin
PATH: /usr/local/bin
PATH: /usr/sbin
PATH: /usr/bin
PATH: /sbin
PATH: /bin


## ----------- ##
## Core tests. ##
## ----------- ##

configure:2337: checking for a BSD-compatible install
configure:2405: result: /usr/bin/install -c
configure:2416: checking whether build environment is sane
configure:2453: result: yes
configure:2515: checking for gawk
configure:2545: result: no
configure:2515: checking for mawk
configure:2531: found /usr/bin/mawk
configure:2542: result: mawk
configure:2553: checking whether make sets $(MAKE)
configure:2575: result: yes
configure:2818: checking for g++
configure:2834: found /usr/bin/g++
configure:2845: result: g++
configure:2872: checking for C++ compiler version
configure:2881: g++ --version >&5
g++ (Ubuntu 5.4.0-6ubuntu1~16.04.12) 5.4.0 20160609
Copyright (C) 2015 Free Software Foundation, Inc.
This is free software; see the source for copying conditions.  There is NO
warranty; not even for MERCHANTABILITY or FITNESS FOR A PARTICULAR PURPOSE.

configure:2892: $? = 0
configure:2881: g++ -v >&5
Using built-in specs.
COLLECT_GCC=g++
COLLECT_LTO_WRAPPER=/usr/lib/gcc/x86_64-linux-gnu/5/lto-wrapper
Target: x86_64-linux-gnu
Configured with: ../src/configure -v --with-pkgversion='Ubuntu 5.4.0-6ubuntu1~16.04.12' --with-bugurl=file:///usr/share/doc/gcc-5/README.Bugs --enable-languages=c,ada,c++,java,go,d,fortran,objc,obj-c++ --prefix=/usr --program-suffix=-5 --enable-shared --enable-linker-build-id --libexecdir=/usr/lib --without-included-gettext --enable-threads=posix --libdir=/usr/lib --enable-nls --with-sysroot=/ --enable-clocale=gnu --enable-libstdcxx-debug --enable-libstdcxx-time=yes --with-default-libstdcxx-abi=new --enable-gnu-unique-object --disable-vtable-verify --enable-libmpx --enable-plugin --with-system-zlib --disable-browser-plugin --enable-java-awt=gtk --enable-gtk-cairo --with-java-home=/usr/lib/jvm/java-1.5.0-gcj-5-amd64/jre --enable-java-home --with-jvm-root-dir=/usr/lib/jvm/java-1.5.0-gcj-5-amd64 --with-jvm-jar-dir=/usr/lib/jvm-exports/java-1.5.0-gcj-5-amd64 --with-arch-directory=amd64 --with-ecj-jar=/usr/share/java/eclipse-ecj.jar --enable-objc-gc --enable-multiarch --disable-werror --with-arch-32=i686 --with-abi=m64 --with-multilib-list=m32,m64,mx32 --enable-multilib --with-tune=generic --enable-checking=release --build=x86_64-linux-gnu --host=x86_64-linux-gnu --target=x86_64-linux-gnu
Thread model: posix
gcc version 5.4.0 20160609 (Ubuntu 5.4.0-6ubuntu1~16.04.12) 
configure:2892: $? = 0
configure:2881: g++ -V >&5
g++: error: unrecognized command line option '-V'
g++: fatal error: no input files
compilation terminated.
configure:2892: $? = 1
configure:2881: g++ -qversion >&5
g++: error: unrecognized command line option '-qversion'
g++: fatal error: no input files
compilation terminated.
configure:2892: $? = 1
configure:2912: checking whether the C++ compiler works
configure:2934: g++    conftest.cpp  >&5
configure:2938: $? = 0
configure:2986: result: yes
configure:2989: checking for C++ compiler default output file name
configure:2991: result: a.out
configure:2997: checking for suffix of executables
configure:3004: g++ -o conftest    conftest.cpp  >&5
configure:3008: $? = 0
configure:3030: result: 
configure:3052: checking whether we are cross compiling
configure:3060: g++ -o conftest    conftest.cpp  >&5
configure:3064: $? = 0
configure:3071: ./conftest
configure:3075: $? = 0
configure:3090: result: no
configure:3095: checking for suffix of object files
configure:3117: g++ -c   conftest.cpp >&5
configure:3121: $? = 0
configure:3142: result: o
configure:3146: checking whether we are using the GNU C++ compiler
configure:3165: g++ -c   conftest.cpp >&5
configure:3165: $? = 0
configure:3174: result: yes
configure:3183: checking whether g++ accepts -g
configure:3203: g++ -c -g  conftest.cpp >&5
configure:3203: $? = 0
configure:3244: result: yes
configure:3278: checking for style of include used by make
configure:3306: result: GNU
configure:3334: checking dependency style of g++
configure:3424: result: gcc3
configure:3489: checking for gcc
configure:3505: found /usr/bin/gcc
configure:3516: result: gcc
configure:3745: checking for C compiler version
configure:3754: gcc --version >&5
gcc (Ubuntu 5.4.0-6ubuntu1~16.04.12) 5.4.0 20160609
Copyright (C) 2015 Free Software Foundation, Inc.
This is free software; see the source for copying conditions.  There is NO
warranty; not even for MERCHANTABILITY or FITNESS FOR A PARTICULAR PURPOSE.

configure:3765: $? = 0
configure:3754: gcc -v >&5
Using built-in specs.
COLLECT_GCC=gcc
COLLECT_LTO_WRAPPER=/usr/lib/gcc/x86_64-linux-gnu/5/lto-wrapper
Target: x86_64-linux-gnu
Configured with: ../src/configure -v --with-pkgversion='Ubuntu 5.4.0-6ubuntu1~16.04.12' --with-bugurl=file:///usr/share/doc/gcc-5/README.Bugs --enable-languages=c,ada,c++,java,go,d,fortran,objc,obj-c++ --prefix=/usr --program-suffix=-5 --enable-shared --enable-linker-build-id --libexecdir=/usr/lib --without-included-gettext --enable-threads=posix --libdir=/usr/lib --enable-nls --with-sysroot=/ --enable-clocale=gnu --enable-libstdcxx-debug --enable-libstdcxx-time=yes --with-default-libstdcxx-abi=new --enable-gnu-unique-object --disable-vtable-verify --enable-libmpx --enable-plugin --with-system-zlib --disable-browser-plugin --enable-java-awt=gtk --enable-gtk-cairo --with-java-home=/usr/lib/jvm/java-1.5.0-gcj-5-amd64/jre --enable-java-home --with-jvm-root-dir=/usr/lib/jvm/java-1.5.0-gcj-5-amd64 --with-jvm-jar-dir=/usr/lib/jvm-exports/java-1.5.0-gcj-5-amd64 --with-arch-directory=amd64 --with-ecj-jar=/usr/share/java/eclipse-ecj.jar --enable-objc-gc --enable-multiarch --disable-werror --with-arch-32=i686 --with-abi=m64 --with-multilib-list=m32,m64,mx32 --enable-multilib --with-tune=generic --enable-checking=release --build=x86_64-linux-gnu --host=x86_64-linux-gnu --target=x86_64-linux-gnu
Thread model: posix
gcc version 5.4.0 20160609 (Ubuntu 5.4.0-6ubuntu1~16.04.12) 
configure:3765: $? = 0
configure:3754: gcc -V >&5
gcc: error: unrecognized command line option '-V'
gcc: fatal error: no input files
compilation terminated.
configure:3765: $? = 1
configure:3754: gcc -qversion >&5
gcc: error: unrecognized command line option '-qversion'
gcc: fatal error: no input files
compilation terminated.
configure:3765: $? = 1
configure:3769: checking whether we are using the GNU C compiler
configure:3788: gcc -c   conftest.c >&5
configure:3788: $? = 0
configure:3797: result: yes
configure:3806: checking whether gcc accepts -g
configure:3826: gcc -c -g  conftest.c >&5
configure:3826: $? = 0
configure:3867: result: yes
configure:3884: checking for gcc option to accept ISO C89
configure:3947: gcc  -c -g -O2  conftest.c >&5
configure:3947: $? = 0
configure:3960: result: none needed
configure:3982: checking dependency style of gcc
configure:4072: result: gcc3
configure:4132: checking for ranlib
configure:4148: found /usr/bin/ranlib
configure:4159: result: ranlib
configure:4189: checking how to run the C preprocessor
configure:4220: gcc -E  conftest.c
configure:4220: $? = 0
configure:4234: gcc -E  conftest.c
conftest.c:11:28: fatal error: ac_nonexistent.h: No such file or directory
compilation terminated.
configure:4234: $? = 1
configure: failed program was:
| /* confdefs.h */
| #define PACKAGE_NAME "bazar"
| #define PACKAGE_TARNAME "bazar"
| #define PACKAGE_VERSION "1.3.1"
| #define PACKAGE_STRING "bazar 1.3.1"
| #define PACKAGE_BUGREPORT "julien.pilet@epfl.ch"
| #define PACKAGE_URL ""
| #define PACKAGE "bazar"
| #define VERSION "1.3.1"
| /* end confdefs.h.  */
| #include <ac_nonexistent.h>
configure:4259: result: gcc -E
configure:4279: gcc -E  conftest.c
configure:4279: $? = 0
configure:4293: gcc -E  conftest.c
conftest.c:11:28: fatal error: ac_nonexistent.h: No such file or directory
compilation terminated.
configure:4293: $? = 1
configure: failed program was:
| /* confdefs.h */
| #define PACKAGE_NAME "bazar"
| #define PACKAGE_TARNAME "bazar"
| #define PACKAGE_VERSION "1.3.1"
| #define PACKAGE_STRING "bazar 1.3.1"
| #define PACKAGE_BUGREPORT "julien.pilet@epfl.ch"
| #define PACKAGE_URL ""
| #define PACKAGE "bazar"
| #define VERSION "1.3.1"
| /* end confdefs.h.  */
| #include <ac_nonexistent.h>
configure:4322: checking for X
configure:4430: gcc -E  conftest.c
configure:4430: $? = 0
configure:4461: gcc -o conftest -g -O2   conftest.c -lX11  >&5
configure:4461: $? = 0
configure:4511: result: libraries , headers 
configure:4519: checking build system type
configure:4533: result: x86_64-unknown-linux-gnu
configure:4553: checking host system type
configure:4566: result: x86_64-unknown-linux-gnu
configure:4751: checking for the pthreads library -lpthreads
configure:4784: gcc -o conftest -g -O2    conftest.c -lpthreads  >&5
conftest.c: In function 'main':
conftest.c:16:22: warning: null argument where non-null required (argument 1) [-Wnonnull]
                      pthread_attr_init(0); pthread_cleanup_push(0, 0);
                      ^
conftest.c:17:22: warning: null argument where non-null required (argument 1) [-Wnonnull]
                      pthread_create(0,0,0,0); pthread_cleanup_pop(0);
                      ^
conftest.c:17:22: warning: null argument where non-null required (argument 3) [-Wnonnull]
/usr/bin/ld: cannot find -lpthreads
collect2: error: ld returned 1 exit status
configure:4784: $? = 1
configure: failed program was:
| /* confdefs.h */
| #define PACKAGE_NAME "bazar"
| #define PACKAGE_TARNAME "bazar"
| #define PACKAGE_VERSION "1.3.1"
| #define PACKAGE_STRING "bazar 1.3.1"
| #define PACKAGE_BUGREPORT "julien.pilet@epfl.ch"
| #define PACKAGE_URL ""
| #define PACKAGE "bazar"
| #define VERSION "1.3.1"
| /* end confdefs.h.  */
| #include <pthread.h>
| int
| main ()
| {
| pthread_t th; pthread_join(th, 0);
|                      pthread_attr_init(0); pthread_cleanup_push(0, 0);
|                      pthread_create(0,0,0,0); pthread_cleanup_pop(0);
|   ;
|   return 0;
| }
configure:4793: result: no
configure:4696: checking whether pthreads work without any flags
configure:4784: gcc -o conftest -g -O2    conftest.c   >&5
conftest.c: In function 'main':
conftest.c:16:22: warning: null argument where non-null required (argument 1) [-Wnonnull]
                      pthread_attr_init(0); pthread_cleanup_push(0, 0);
                      ^
conftest.c:17:22: warning: null argument where non-null required (argument 1) [-Wnonnull]
                      pthread_create(0,0,0,0); pthread_cleanup_pop(0);
                      ^
conftest.c:17:22: warning: null argument where non-null required (argument 3) [-Wnonnull]
/tmp/ccAQC0IY.o: In function `main':
/root/b2/conftest.c:15: undefined reference to `pthread_join'
/root/b2/conftest.c:16: undefined reference to `__pthread_register_cancel'
/root/b2/conftest.c:17: undefined reference to `pthread_create'
/root/b2/conftest.c:17: undefined reference to `__pthread_unregister_cancel'
collect2: error: ld returned 1 exit status
configure:4784: $? = 1
configure: failed program was:
| /* confdefs.h */
| #define PACKAGE_NAME "bazar"
| #define PACKAGE_TARNAME "bazar"
| #define PACKAGE_VERSION "1.3.1"
| #define PACKAGE_STRING "bazar 1.3.1"
| #define PACKAGE_BUGREPORT "julien.pilet@epfl.ch"
| #define PACKAGE_URL ""
| #define PACKAGE "bazar"
| #define VERSION "1.3.1"
| /* end confdefs.h.  */
| #include <pthread.h>
| int
| main ()
| {
| pthread_t th; pthread_join(th, 0);
|                      pthread_attr_init(0); pthread_cleanup_push(0, 0);
|                      pthread_create(0,0,0,0); pthread_cleanup_pop(0);
|   ;
|   return 0;
| }
configure:4793: result: no
configure:4701: checking whether pthreads work with -Kthread
configure:4784: gcc -o conftest -g -O2 -Kthread   conftest.c   >&5
gcc: error: unrecognized command line option '-Kthread'
configure:4784: $? = 1
configure: failed program was:
| /* confdefs.h */
| #define PACKAGE_NAME "bazar"
| #define PACKAGE_TARNAME "bazar"
| #define PACKAGE_VERSION "1.3.1"
| #define PACKAGE_STRING "bazar 1.3.1"
| #define PACKAGE_BUGREPORT "julien.pilet@epfl.ch"
| #define PACKAGE_URL ""
| #define PACKAGE "bazar"
| #define VERSION "1.3.1"
| /* end confdefs.h.  */
| #include <pthread.h>
| int
| main ()
| {
| pthread_t th; pthread_join(th, 0);
|                      pthread_attr_init(0); pthread_cleanup_push(0, 0);
|                      pthread_create(0,0,0,0); pthread_cleanup_pop(0);
|   ;
|   return 0;
| }
configure:4793: result: no
configure:4701: checking whether pthreads work with -kthread
configure:4784: gcc -o conftest -g -O2 -kthread   conftest.c   >&5
gcc: error: unrecognized command line option '-kthread'
configure:4784: $? = 1
configure: failed program was:
| /* confdefs.h */
| #define PACKAGE_NAME "bazar"
| #define PACKAGE_TARNAME "bazar"
| #define PACKAGE_VERSION "1.3.1"
| #define PACKAGE_STRING "bazar 1.3.1"
| #define PACKAGE_BUGREPORT "julien.pilet@epfl.ch"
| #define PACKAGE_URL ""
| #define PACKAGE "bazar"
| #define VERSION "1.3.1"
| /* end confdefs.h.  */
| #include <pthread.h>
| int
| main ()
| {
| pthread_t th; pthread_join(th, 0);
|                      pthread_attr_init(0); pthread_cleanup_push(0, 0);
|                      pthread_create(0,0,0,0); pthread_cleanup_pop(0);
|   ;
|   return 0;
| }
configure:4793: result: no
configure:4751: checking for the pthreads library -llthread
configure:4784: gcc -o conftest -g -O2    conftest.c -llthread  >&5
conftest.c: In function 'main':
conftest.c:16:22: warning: null argument where non-null required (argument 1) [-Wnonnull]
                      pthread_attr_init(0); pthread_cleanup_push(0, 0);
                      ^
conftest.c:17:22: warning: null argument where non-null required (argument 1) [-Wnonnull]
                      pthread_create(0,0,0,0); pthread_cleanup_pop(0);
                      ^
conftest.c:17:22: warning: null argument where non-null required (argument 3) [-Wnonnull]
/usr/bin/ld: cannot find -llthread
collect2: error: ld returned 1 exit status
configure:4784: $? = 1
configure: failed program was:
| /* confdefs.h */
| #define PACKAGE_NAME "bazar"
| #define PACKAGE_TARNAME "bazar"
| #define PACKAGE_VERSION "1.3.1"
| #define PACKAGE_STRING "bazar 1.3.1"
| #define PACKAGE_BUGREPORT "julien.pilet@epfl.ch"
| #define PACKAGE_URL ""
| #define PACKAGE "bazar"
| #define VERSION "1.3.1"
| /* end confdefs.h.  */
| #include <pthread.h>
| int
| main ()
| {
| pthread_t th; pthread_join(th, 0);
|                      pthread_attr_init(0); pthread_cleanup_push(0, 0);
|                      pthread_create(0,0,0,0); pthread_cleanup_pop(0);
|   ;
|   return 0;
| }
configure:4793: result: no
configure:4701: checking whether pthreads work with -pthread
configure:4784: gcc -o conftest -g -O2 -pthread   conftest.c   >&5
conftest.c: In function 'main':
conftest.c:16:22: warning: null argument where non-null required (argument 1) [-Wnonnull]
                      pthread_attr_init(0); pthread_cleanup_push(0, 0);
                      ^
conftest.c:17:22: warning: null argument where non-null required (argument 1) [-Wnonnull]
                      pthread_create(0,0,0,0); pthread_cleanup_pop(0);
                      ^
conftest.c:17:22: warning: null argument where non-null required (argument 3) [-Wnonnull]
configure:4784: $? = 0
configure:4793: result: yes
configure:4812: checking for joinable pthread attribute
configure:4827: gcc -o conftest -g -O2 -pthread   conftest.c   >&5
configure:4827: $? = 0
configure:4833: result: PTHREAD_CREATE_JOINABLE
configure:4843: checking if more special flags are required for pthreads
configure:4850: result: no
configure:4932: checking for grep that handles long lines and -e
configure:4990: result: /bin/grep
configure:4995: checking for egrep
configure:5057: result: /bin/grep -E
configure:5062: checking for ANSI C header files
configure:5082: gcc -c -g -O2  conftest.c >&5
configure:5082: $? = 0
configure:5155: gcc -o conftest -g -O2   conftest.c  >&5
configure:5155: $? = 0
configure:5155: ./conftest
configure:5155: $? = 0
configure:5166: result: yes
configure:5179: checking for sys/types.h
configure:5179: gcc -c -g -O2  conftest.c >&5
configure:5179: $? = 0
configure:5179: result: yes
configure:5179: checking for sys/stat.h
configure:5179: gcc -c -g -O2  conftest.c >&5
configure:5179: $? = 0
configure:5179: result: yes
configure:5179: checking for stdlib.h
configure:5179: gcc -c -g -O2  conftest.c >&5
configure:5179: $? = 0
configure:5179: result: yes
configure:5179: checking for string.h
configure:5179: gcc -c -g -O2  conftest.c >&5
configure:5179: $? = 0
configure:5179: result: yes
configure:5179: checking for memory.h
configure:5179: gcc -c -g -O2  conftest.c >&5
configure:5179: $? = 0
configure:5179: result: yes
configure:5179: checking for strings.h
configure:5179: gcc -c -g -O2  conftest.c >&5
configure:5179: $? = 0
configure:5179: result: yes
configure:5179: checking for inttypes.h
configure:5179: gcc -c -g -O2  conftest.c >&5
configure:5179: $? = 0
configure:5179: result: yes
configure:5179: checking for stdint.h
configure:5179: gcc -c -g -O2  conftest.c >&5
configure:5179: $? = 0
configure:5179: result: yes
configure:5179: checking for unistd.h
configure:5179: gcc -c -g -O2  conftest.c >&5
configure:5179: $? = 0
configure:5179: result: yes
configure:5216: checking whether we are using the Microsoft C compiler
configure:5235: gcc -c -g -O2  conftest.c >&5
conftest.c: In function 'main':
conftest.c:27:8: error: unknown type name 'choke'
        choke me
        ^
configure:5235: $? = 1
configure: failed program was:
| /* confdefs.h */
| #define PACKAGE_NAME "bazar"
| #define PACKAGE_TARNAME "bazar"
| #define PACKAGE_VERSION "1.3.1"
| #define PACKAGE_STRING "bazar 1.3.1"
| #define PACKAGE_BUGREPORT "julien.pilet@epfl.ch"
| #define PACKAGE_URL ""
| #define PACKAGE "bazar"
| #define VERSION "1.3.1"
| #define HAVE_PTHREAD 1
| #define STDC_HEADERS 1
| #define HAVE_SYS_TYPES_H 1
| #define HAVE_SYS_STAT_H 1
| #define HAVE_STDLIB_H 1
| #define HAVE_STRING_H 1
| #define HAVE_MEMORY_H 1
| #define HAVE_STRINGS_H 1
| #define HAVE_INTTYPES_H 1
| #define HAVE_STDINT_H 1
| #define HAVE_UNISTD_H 1
| /* end confdefs.h.  */
| 
| int
| main ()
| {
| #ifndef _MSC_VER
|        choke me
| #endif
| 
|   ;
|   return 0;
| }
configure:5244: result: no
configure:5266: checking windows.h usability
configure:5266: gcc -c -g -O2  conftest.c >&5
conftest.c:55:21: fatal error: windows.h: No such file or directory
compilation terminated.
configure:5266: $? = 1
configure: failed program was:
| /* confdefs.h */
| #define PACKAGE_NAME "bazar"
| #define PACKAGE_TARNAME "bazar"
| #define PACKAGE_VERSION "1.3.1"
| #define PACKAGE_STRING "bazar 1.3.1"
| #define PACKAGE_BUGREPORT "julien.pilet@epfl.ch"
| #define PACKAGE_URL ""
| #define PACKAGE "bazar"
| #define VERSION "1.3.1"
| #define HAVE_PTHREAD 1
| #define STDC_HEADERS 1
| #define HAVE_SYS_TYPES_H 1
| #define HAVE_SYS_STAT_H 1
| #define HAVE_STDLIB_H 1
| #define HAVE_STRING_H 1
| #define HAVE_MEMORY_H 1
| #define HAVE_STRINGS_H 1
| #define HAVE_INTTYPES_H 1
| #define HAVE_STDINT_H 1
| #define HAVE_UNISTD_H 1
| /* end confdefs.h.  */
| #include <stdio.h>
| #ifdef HAVE_SYS_TYPES_H
| # include <sys/types.h>
| #endif
| #ifdef HAVE_SYS_STAT_H
| # include <sys/stat.h>
| #endif
| #ifdef STDC_HEADERS
| # include <stdlib.h>
| # include <stddef.h>
| #else
| # ifdef HAVE_STDLIB_H
| #  include <stdlib.h>
| # endif
| #endif
| #ifdef HAVE_STRING_H
| # if !defined STDC_HEADERS && defined HAVE_MEMORY_H
| #  include <memory.h>
| # endif
| # include <string.h>
| #endif
| #ifdef HAVE_STRINGS_H
| # include <strings.h>
| #endif
| #ifdef HAVE_INTTYPES_H
| # include <inttypes.h>
| #endif
| #ifdef HAVE_STDINT_H
| # include <stdint.h>
| #endif
| #ifdef HAVE_UNISTD_H
| # include <unistd.h>
| #endif
| #include <windows.h>
configure:5266: result: no
configure:5266: checking windows.h presence
configure:5266: gcc -E  conftest.c
conftest.c:22:21: fatal error: windows.h: No such file or directory
compilation terminated.
configure:5266: $? = 1
configure: failed program was:
| /* confdefs.h */
| #define PACKAGE_NAME "bazar"
| #define PACKAGE_TARNAME "bazar"
| #define PACKAGE_VERSION "1.3.1"
| #define PACKAGE_STRING "bazar 1.3.1"
| #define PACKAGE_BUGREPORT "julien.pilet@epfl.ch"
| #define PACKAGE_URL ""
| #define PACKAGE "bazar"
| #define VERSION "1.3.1"
| #define HAVE_PTHREAD 1
| #define STDC_HEADERS 1
| #define HAVE_SYS_TYPES_H 1
| #define HAVE_SYS_STAT_H 1
| #define HAVE_STDLIB_H 1
| #define HAVE_STRING_H 1
| #define HAVE_MEMORY_H 1
| #define HAVE_STRINGS_H 1
| #define HAVE_INTTYPES_H 1
| #define HAVE_STDINT_H 1
| #define HAVE_UNISTD_H 1
| /* end confdefs.h.  */
| #include <windows.h>
configure:5266: result: no
configure:5266: checking for windows.h
configure:5266: result: no
configure:5277: checking for OpenGL library
configure:5310: gcc -o conftest -g -O2 -pthread   conftest.c -lopengl32  -lm  >&5
/usr/bin/ld: cannot find -lopengl32
collect2: error: ld returned 1 exit status
configure:5310: $? = 1
configure: failed program was:
| /* confdefs.h */
| #define PACKAGE_NAME "bazar"
| #define PACKAGE_TARNAME "bazar"
| #define PACKAGE_VERSION "1.3.1"
| #define PACKAGE_STRING "bazar 1.3.1"
| #define PACKAGE_BUGREPORT "julien.pilet@epfl.ch"
| #define PACKAGE_URL ""
| #define PACKAGE "bazar"
| #define VERSION "1.3.1"
| #define HAVE_PTHREAD 1
| #define STDC_HEADERS 1
| #define HAVE_SYS_TYPES_H 1
| #define HAVE_SYS_STAT_H 1
| #define HAVE_STDLIB_H 1
| #define HAVE_STRING_H 1
| #define HAVE_MEMORY_H 1
| #define HAVE_STRINGS_H 1
| #define HAVE_INTTYPES_H 1
| #define HAVE_STDINT_H 1
| #define HAVE_UNISTD_H 1
| /* end confdefs.h.  */
| 
| # if HAVE_WINDOWS_H && defined(_WIN32)
| #   include <windows.h>
| # endif
| # include <GL/gl.h>
| int
| main ()
| {
| glBegin(0)
|   ;
|   return 0;
| }
configure:5310: gcc -o conftest -g -O2 -pthread   conftest.c -lGL  -lm  >&5
configure:5310: $? = 0
configure:5319: result: -lGL
configure:5342: checking for OpenGL Utility library
configure:5395: g++ -o conftest -g -O2 -pthread   conftest.cpp -lglu32 -lGL  -lm  >&5
/usr/bin/ld: cannot find -lglu32
collect2: error: ld returned 1 exit status
configure:5395: $? = 1
configure: failed program was:
| /* confdefs.h */
| #define PACKAGE_NAME "bazar"
| #define PACKAGE_TARNAME "bazar"
| #define PACKAGE_VERSION "1.3.1"
| #define PACKAGE_STRING "bazar 1.3.1"
| #define PACKAGE_BUGREPORT "julien.pilet@epfl.ch"
| #define PACKAGE_URL ""
| #define PACKAGE "bazar"
| #define VERSION "1.3.1"
| #define HAVE_PTHREAD 1
| #define STDC_HEADERS 1
| #define HAVE_SYS_TYPES_H 1
| #define HAVE_SYS_STAT_H 1
| #define HAVE_STDLIB_H 1
| #define HAVE_STRING_H 1
| #define HAVE_MEMORY_H 1
| #define HAVE_STRINGS_H 1
| #define HAVE_INTTYPES_H 1
| #define HAVE_STDINT_H 1
| #define HAVE_UNISTD_H 1
| /* end confdefs.h.  */
| 
| # if HAVE_WINDOWS_H && defined(_WIN32)
| #   include <windows.h>
| # endif
| # include <GL/glu.h>
| int
| main ()
| {
| gluBeginCurve(0)
|   ;
|   return 0;
| }
configure:5395: g++ -o conftest -g -O2 -pthread   conftest.cpp -lGLU -lGL  -lm  >&5
configure:5395: $? = 0
configure:5418: result: -lGLU
configure:5526: g++ -o conftest -g -O2   conftest.cpp   -lX11 >&5
configure:5526: $? = 0
configure:5624: checking for gethostbyname
configure:5624: g++ -o conftest -g -O2   conftest.cpp  >&5
configure:5624: $? = 0
configure:5624: result: yes
configure:5721: checking for connect
configure:5721: g++ -o conftest -g -O2   conftest.cpp  >&5
configure:5721: $? = 0
configure:5721: result: yes
configure:5770: checking for remove
configure:5770: g++ -o conftest -g -O2   conftest.cpp  >&5
configure:5770: $? = 0
configure:5770: result: yes
configure:5819: checking for shmat
configure:5819: g++ -o conftest -g -O2   conftest.cpp  >&5
configure:5819: $? = 0
configure:5819: result: yes
configure:5877: checking for IceConnectionNumber in -lICE
configure:5902: g++ -o conftest -g -O2   conftest.cpp -lICE   >&5
configure:5902: $? = 0
configure:5911: result: yes
configure:5946: checking for GLUT library
configure:5977: gcc -o conftest -g -O2 -pthread   conftest.c -lglut32  -lSM -lICE -lXmu -lXi  -lGLU -lGL  -lm  >&5
/usr/bin/ld: cannot find -lglut32
collect2: error: ld returned 1 exit status
configure:5977: $? = 1
configure: failed program was:
| /* confdefs.h */
| #define PACKAGE_NAME "bazar"
| #define PACKAGE_TARNAME "bazar"
| #define PACKAGE_VERSION "1.3.1"
| #define PACKAGE_STRING "bazar 1.3.1"
| #define PACKAGE_BUGREPORT "julien.pilet@epfl.ch"
| #define PACKAGE_URL ""
| #define PACKAGE "bazar"
| #define VERSION "1.3.1"
| #define HAVE_PTHREAD 1
| #define STDC_HEADERS 1
| #define HAVE_SYS_TYPES_H 1
| #define HAVE_SYS_STAT_H 1
| #define HAVE_STDLIB_H 1
| #define HAVE_STRING_H 1
| #define HAVE_MEMORY_H 1
| #define HAVE_STRINGS_H 1
| #define HAVE_INTTYPES_H 1
| #define HAVE_STDINT_H 1
| #define HAVE_UNISTD_H 1
| /* end confdefs.h.  */
| 
| # if HAVE_WINDOWS_H && defined(_WIN32)
| #   include <windows.h>
| # endif
| # include <GL/glut.h>
| int
| main ()
| {
| glutMainLoop()
|   ;
|   return 0;
| }
configure:5977: gcc -o conftest -g -O2 -pthread   conftest.c -lglut  -lSM -lICE -lXmu -lXi  -lGLU -lGL  -lm  >&5
configure:5977: $? = 0
configure:5987: result: -lglut
configure:6009: checking for glewInit in -lGLEW
configure:6034: gcc -o conftest -g -O2   conftest.c -lGLEW -lglut  -lSM -lICE -lXmu -lXi  -lGLU -lGL  -lm  >&5
/usr/bin/ld: cannot find -lGLEW
collect2: error: ld returned 1 exit status
configure:6034: $? = 1
configure: failed program was:
| /* confdefs.h */
| #define PACKAGE_NAME "bazar"
| #define PACKAGE_TARNAME "bazar"
| #define PACKAGE_VERSION "1.3.1"
| #define PACKAGE_STRING "bazar 1.3.1"
| #define PACKAGE_BUGREPORT "julien.pilet@epfl.ch"
| #define PACKAGE_URL ""
| #define PACKAGE "bazar"
| #define VERSION "1.3.1"
| #define HAVE_PTHREAD 1
| #define STDC_HEADERS 1
| #define HAVE_SYS_TYPES_H 1
| #define HAVE_SYS_STAT_H 1
| #define HAVE_STDLIB_H 1
| #define HAVE_STRING_H 1
| #define HAVE_MEMORY_H 1
| #define HAVE_STRINGS_H 1
| #define HAVE_INTTYPES_H 1
| #define HAVE_STDINT_H 1
| #define HAVE_UNISTD_H 1
| /* end confdefs.h.  */
| 
| /* Override any GCC internal prototype to avoid an error.
|    Use char because int might match the return type of a GCC
|    builtin and then its argument prototype would still apply.  */
| #ifdef __cplusplus
| extern "C"
| #endif
| char glewInit ();
| int
| main ()
| {
| return glewInit ();
|   ;
|   return 0;
| }
configure:6043: result: no
configure:6053: checking for ANSI C header files
configure:6157: result: yes
configure:6168: checking float.h usability
configure:6168: gcc -c -g -O2  conftest.c >&5
configure:6168: $? = 0
configure:6168: result: yes
configure:6168: checking float.h presence
configure:6168: gcc -E  conftest.c
configure:6168: $? = 0
configure:6168: result: yes
configure:6168: checking for float.h
configure:6168: result: yes
configure:6168: checking for stdlib.h
configure:6168: result: yes
configure:6178: checking GL/glew.h usability
configure:6178: gcc -c -g -O2  conftest.c >&5
conftest.c:58:21: fatal error: GL/glew.h: No such file or directory
compilation terminated.
configure:6178: $? = 1
configure: failed program was:
| /* confdefs.h */
| #define PACKAGE_NAME "bazar"
| #define PACKAGE_TARNAME "bazar"
| #define PACKAGE_VERSION "1.3.1"
| #define PACKAGE_STRING "bazar 1.3.1"
| #define PACKAGE_BUGREPORT "julien.pilet@epfl.ch"
| #define PACKAGE_URL ""
| #define PACKAGE "bazar"
| #define VERSION "1.3.1"
| #define HAVE_PTHREAD 1
| #define STDC_HEADERS 1
| #define HAVE_SYS_TYPES_H 1
| #define HAVE_SYS_STAT_H 1
| #define HAVE_STDLIB_H 1
| #define HAVE_STRING_H 1
| #define HAVE_MEMORY_H 1
| #define HAVE_STRINGS_H 1
| #define HAVE_INTTYPES_H 1
| #define HAVE_STDINT_H 1
| #define HAVE_UNISTD_H 1
| #define STDC_HEADERS 1
| #define HAVE_FLOAT_H 1
| #define HAVE_STDLIB_H 1
| /* end confdefs.h.  */
| #include <stdio.h>
| #ifdef HAVE_SYS_TYPES_H
| # include <sys/types.h>
| #endif
| #ifdef HAVE_SYS_STAT_H
| # include <sys/stat.h>
| #endif
| #ifdef STDC_HEADERS
| # include <stdlib.h>
| # include <stddef.h>
| #else
| # ifdef HAVE_STDLIB_H
| #  include <stdlib.h>
| # endif
| #endif
| #ifdef HAVE_STRING_H
| # if !defined STDC_HEADERS && defined HAVE_MEMORY_H
| #  include <memory.h>
| # endif
| # include <string.h>
| #endif
| #ifdef HAVE_STRINGS_H
| # include <strings.h>
| #endif
| #ifdef HAVE_INTTYPES_H
| # include <inttypes.h>
| #endif
| #ifdef HAVE_STDINT_H
| # include <stdint.h>
| #endif
| #ifdef HAVE_UNISTD_H
| # include <unistd.h>
| #endif
| #include <GL/glew.h>
configure:6178: result: no
configure:6178: checking GL/glew.h presence
configure:6178: gcc -E  conftest.c
conftest.c:25:21: fatal error: GL/glew.h: No such file or directory
compilation terminated.
configure:6178: $? = 1
configure: failed program was:
| /* confdefs.h */
| #define PACKAGE_NAME "bazar"
| #define PACKAGE_TARNAME "bazar"
| #define PACKAGE_VERSION "1.3.1"
| #define PACKAGE_STRING "bazar 1.3.1"
| #define PACKAGE_BUGREPORT "julien.pilet@epfl.ch"
| #define PACKAGE_URL ""
| #define PACKAGE "bazar"
| #define VERSION "1.3.1"
| #define HAVE_PTHREAD 1
| #define STDC_HEADERS 1
| #define HAVE_SYS_TYPES_H 1
| #define HAVE_SYS_STAT_H 1
| #define HAVE_STDLIB_H 1
| #define HAVE_STRING_H 1
| #define HAVE_MEMORY_H 1
| #define HAVE_STRINGS_H 1
| #define HAVE_INTTYPES_H 1
| #define HAVE_STDINT_H 1
| #define HAVE_UNISTD_H 1
| #define STDC_HEADERS 1
| #define HAVE_FLOAT_H 1
| #define HAVE_STDLIB_H 1
| /* end confdefs.h.  */
| #include <GL/glew.h>
configure:6178: result: no
configure:6178: checking for GL/glew.h
configure:6178: result: no
configure:6194: WARNING: GL Extension Wrangler library not found.  Get it from http://glew.sourceforge.net
configure:6222: checking for stdbool.h that conforms to C99
configure:6289: gcc -c -g -O2  conftest.c >&5
configure:6289: $? = 0
configure:6296: result: yes
configure:6298: checking for _Bool
configure:6298: gcc -c -g -O2  conftest.c >&5
configure:6298: $? = 0
configure:6298: gcc -c -g -O2  conftest.c >&5
conftest.c: In function 'main':
conftest.c:62:20: error: expected expression before ')' token
 if (sizeof ((_Bool)))
                    ^
configure:6298: $? = 1
configure: failed program was:
| /* confdefs.h */
| #define PACKAGE_NAME "bazar"
| #define PACKAGE_TARNAME "bazar"
| #define PACKAGE_VERSION "1.3.1"
| #define PACKAGE_STRING "bazar 1.3.1"
| #define PACKAGE_BUGREPORT "julien.pilet@epfl.ch"
| #define PACKAGE_URL ""
| #define PACKAGE "bazar"
| #define VERSION "1.3.1"
| #define HAVE_PTHREAD 1
| #define STDC_HEADERS 1
| #define HAVE_SYS_TYPES_H 1
| #define HAVE_SYS_STAT_H 1
| #define HAVE_STDLIB_H 1
| #define HAVE_STRING_H 1
| #define HAVE_MEMORY_H 1
| #define HAVE_STRINGS_H 1
| #define HAVE_INTTYPES_H 1
| #define HAVE_STDINT_H 1
| #define HAVE_UNISTD_H 1
| #define STDC_HEADERS 1
| #define HAVE_FLOAT_H 1
| #define HAVE_STDLIB_H 1
| #define HAVE_GL 1
| /* end confdefs.h.  */
| #include <stdio.h>
| #ifdef HAVE_SYS_TYPES_H
| # include <sys/types.h>
| #endif
| #ifdef HAVE_SYS_STAT_H
| # include <sys/stat.h>
| #endif
| #ifdef STDC_HEADERS
| # include <stdlib.h>
| # include <stddef.h>
| #else
| # ifdef HAVE_STDLIB_H
| #  include <stdlib.h>
| # endif
| #endif
| #ifdef HAVE_STRING_H
| # if !defined STDC_HEADERS && defined HAVE_MEMORY_H
| #  include <memory.h>
| # endif
| # include <string.h>
| #endif
| #ifdef HAVE_STRINGS_H
| # include <strings.h>
| #endif
| #ifdef HAVE_INTTYPES_H
| # include <inttypes.h>
| #endif
| #ifdef HAVE_STDINT_H
| # include <stdint.h>
| #endif
| #ifdef HAVE_UNISTD_H
| # include <unistd.h>
| #endif
| int
| main ()
| {
| if (sizeof ((_Bool)))
| 	    return 0;
|   ;
|   return 0;
| }
configure:6298: result: yes
configure:6315: checking for an ANSI C-conforming const
configure:6381: gcc -c -g -O2  conftest.c >&5
configure:6381: $? = 0
configure:6388: result: yes
configure:6396: checking for inline
configure:6412: gcc -c -g -O2  conftest.c >&5
configure:6412: $? = 0
configure:6420: result: inline
configure:6445: checking for pkg-config
configure:6463: found /usr/bin/pkg-config
configure:6476: result: /usr/bin/pkg-config
configure:6494: checking for opencv >= 0.9.6
configure:6498: result: yes
configure:6502: checking OPENCV_CFLAGS
configure:6505: result: -I/usr/include/opencv
configure:6508: checking OPENCV_LIBS
configure:6511: result: -lopencv_stitching -lopencv_superres -lopencv_videostab -lopencv_aruco -lopencv_bgsegm -lopencv_bioinspired -lopencv_ccalib -lopencv_dpm -lopencv_freetype -lopencv_fuzzy -lopencv_hdf -lopencv_line_descriptor -lopencv_optflow -lopencv_reg -lopencv_saliency -lopencv_stereo -lopencv_structured_light -lopencv_phase_unwrapping -lopencv_rgbd -lopencv_viz -lopencv_surface_matching -lopencv_tracking -lopencv_datasets -lopencv_text -lopencv_face -lopencv_plot -lopencv_dnn -lopencv_xfeatures2d -lopencv_shape -lopencv_video -lopencv_ximgproc -lopencv_calib3d -lopencv_features2d -lopencv_flann -lopencv_xobjdetect -lopencv_objdetect -lopencv_ml -lopencv_xphoto -lopencv_highgui -lopencv_videoio -lopencv_imgcodecs -lopencv_photo -lopencv_imgproc -lopencv_core
configure:6543: checking for floor
configure:6543: gcc -o conftest -g -O2   conftest.c  >&5
conftest.c:51:6: warning: conflicting types for built-in function 'floor'
 char floor ();
      ^
/tmp/ccfNabas.o: In function `main':
/root/b2/conftest.c:62: undefined reference to `floor'
collect2: error: ld returned 1 exit status
configure:6543: $? = 1
configure: failed program was:
| /* confdefs.h */
| #define PACKAGE_NAME "bazar"
| #define PACKAGE_TARNAME "bazar"
| #define PACKAGE_VERSION "1.3.1"
| #define PACKAGE_STRING "bazar 1.3.1"
| #define PACKAGE_BUGREPORT "julien.pilet@epfl.ch"
| #define PACKAGE_URL ""
| #define PACKAGE "bazar"
| #define VERSION "1.3.1"
| #define HAVE_PTHREAD 1
| #define STDC_HEADERS 1
| #define HAVE_SYS_TYPES_H 1
| #define HAVE_SYS_STAT_H 1
| #define HAVE_STDLIB_H 1
| #define HAVE_STRING_H 1
| #define HAVE_MEMORY_H 1
| #define HAVE_STRINGS_H 1
| #define HAVE_INTTYPES_H 1
| #define HAVE_STDINT_H 1
| #define HAVE_UNISTD_H 1
| #define STDC_HEADERS 1
| #define HAVE_FLOAT_H 1
| #define HAVE_STDLIB_H 1
| #define HAVE_GL 1
| #define HAVE__BOOL 1
| #define HAVE_STDBOOL_H 1
| /* end confdefs.h.  */
| /* Define floor to an innocuous variant, in case <limits.h> declares floor.
|    For example, HP-UX 11i <limits.h> declares gettimeofday.  */
| #define floor innocuous_floor
| 
| /* System header to define __stub macros and hopefully few prototypes,
|     which can conflict with char floor (); below.
|     Prefer <limits.h> to <assert.h> if __STDC__ is defined, since
|     <limits.h> exists even on freestanding compilers.  */
| 
| #ifdef __STDC__
| # include <limits.h>
| #else
| # include <assert.h>
| #endif
| 
| #undef floor
| 
| /* Override any GCC internal prototype to avoid an error.
|    Use char because int might match the return type of a GCC
|    builtin and then its argument prototype would still apply.  */
| #ifdef __cplusplus
| extern "C"
| #endif
| char floor ();
| /* The GNU C library defines this for functions which it implements
|     to always fail with ENOSYS.  Some functions are actually named
|     something starting with __ and the normal name is an alias.  */
| #if defined __stub_floor || defined __stub___floor
| choke me
| #endif
| 
| int
| main ()
| {
| return floor ();
|   ;
|   return 0;
| }
configure:6543: result: no
configure:6543: checking for memset
configure:6543: gcc -o conftest -g -O2   conftest.c  >&5
conftest.c:51:6: warning: conflicting types for built-in function 'memset'
 char memset ();
      ^
configure:6543: $? = 0
configure:6543: result: yes
configure:6543: checking for pow
configure:6543: gcc -o conftest -g -O2   conftest.c  >&5
conftest.c:52:6: warning: conflicting types for built-in function 'pow'
 char pow ();
      ^
/tmp/ccAgTFiC.o: In function `main':
/root/b2/conftest.c:63: undefined reference to `pow'
collect2: error: ld returned 1 exit status
configure:6543: $? = 1
configure: failed program was:
| /* confdefs.h */
| #define PACKAGE_NAME "bazar"
| #define PACKAGE_TARNAME "bazar"
| #define PACKAGE_VERSION "1.3.1"
| #define PACKAGE_STRING "bazar 1.3.1"
| #define PACKAGE_BUGREPORT "julien.pilet@epfl.ch"
| #define PACKAGE_URL ""
| #define PACKAGE "bazar"
| #define VERSION "1.3.1"
| #define HAVE_PTHREAD 1
| #define STDC_HEADERS 1
| #define HAVE_SYS_TYPES_H 1
| #define HAVE_SYS_STAT_H 1
| #define HAVE_STDLIB_H 1
| #define HAVE_STRING_H 1
| #define HAVE_MEMORY_H 1
| #define HAVE_STRINGS_H 1
| #define HAVE_INTTYPES_H 1
| #define HAVE_STDINT_H 1
| #define HAVE_UNISTD_H 1
| #define STDC_HEADERS 1
| #define HAVE_FLOAT_H 1
| #define HAVE_STDLIB_H 1
| #define HAVE_GL 1
| #define HAVE__BOOL 1
| #define HAVE_STDBOOL_H 1
| #define HAVE_MEMSET 1
| /* end confdefs.h.  */
| /* Define pow to an innocuous variant, in case <limits.h> declares pow.
|    For example, HP-UX 11i <limits.h> declares gettimeofday.  */
| #define pow innocuous_pow
| 
| /* System header to define __stub macros and hopefully few prototypes,
|     which can conflict with char pow (); below.
|     Prefer <limits.h> to <assert.h> if __STDC__ is defined, since
|     <limits.h> exists even on freestanding compilers.  */
| 
| #ifdef __STDC__
| # include <limits.h>
| #else
| # include <assert.h>
| #endif
| 
| #undef pow
| 
| /* Override any GCC internal prototype to avoid an error.
|    Use char because int might match the return type of a GCC
|    builtin and then its argument prototype would still apply.  */
| #ifdef __cplusplus
| extern "C"
| #endif
| char pow ();
| /* The GNU C library defines this for functions which it implements
|     to always fail with ENOSYS.  Some functions are actually named
|     something starting with __ and the normal name is an alias.  */
| #if defined __stub_pow || defined __stub___pow
| choke me
| #endif
| 
| int
| main ()
| {
| return pow ();
|   ;
|   return 0;
| }
configure:6543: result: no
configure:6543: checking for sqrt
configure:6543: gcc -o conftest -g -O2   conftest.c  >&5
conftest.c:52:6: warning: conflicting types for built-in function 'sqrt'
 char sqrt ();
      ^
/tmp/ccHI0znI.o: In function `main':
/root/b2/conftest.c:63: undefined reference to `sqrt'
collect2: error: ld returned 1 exit status
configure:6543: $? = 1
configure: failed program was:
| /* confdefs.h */
| #define PACKAGE_NAME "bazar"
| #define PACKAGE_TARNAME "bazar"
| #define PACKAGE_VERSION "1.3.1"
| #define PACKAGE_STRING "bazar 1.3.1"
| #define PACKAGE_BUGREPORT "julien.pilet@epfl.ch"
| #define PACKAGE_URL ""
| #define PACKAGE "bazar"
| #define VERSION "1.3.1"
| #define HAVE_PTHREAD 1
| #define STDC_HEADERS 1
| #define HAVE_SYS_TYPES_H 1
| #define HAVE_SYS_STAT_H 1
| #define HAVE_STDLIB_H 1
| #define HAVE_STRING_H 1
| #define HAVE_MEMORY_H 1
| #define HAVE_STRINGS_H 1
| #define HAVE_INTTYPES_H 1
| #define HAVE_STDINT_H 1
| #define HAVE_UNISTD_H 1
| #define STDC_HEADERS 1
| #define HAVE_FLOAT_H 1
| #define HAVE_STDLIB_H 1
| #define HAVE_GL 1
| #define HAVE__BOOL 1
| #define HAVE_STDBOOL_H 1
| #define HAVE_MEMSET 1
| /* end confdefs.h.  */
| /* Define sqrt to an innocuous variant, in case <limits.h> declares sqrt.
|    For example, HP-UX 11i <limits.h> declares gettimeofday.  */
| #define sqrt innocuous_sqrt
| 
| /* System header to define __stub macros and hopefully few prototypes,
|     which can conflict with char sqrt (); below.
|     Prefer <limits.h> to <assert.h> if __STDC__ is defined, since
|     <limits.h> exists even on freestanding compilers.  */
| 
| #ifdef __STDC__
| # include <limits.h>
| #else
| # include <assert.h>
| #endif
| 
| #undef sqrt
| 
| /* Override any GCC internal prototype to avoid an error.
|    Use char because int might match the return type of a GCC
|    builtin and then its argument prototype would still apply.  */
| #ifdef __cplusplus
| extern "C"
| #endif
| char sqrt ();
| /* The GNU C library defines this for functions which it implements
|     to always fail with ENOSYS.  Some functions are actually named
|     something starting with __ and the normal name is an alias.  */
| #if defined __stub_sqrt || defined __stub___sqrt
| choke me
| #endif
| 
| int
| main ()
| {
| return sqrt ();
|   ;
|   return 0;
| }
configure:6543: result: no
configure:6684: creating ./config.status
configure:7994: Build OpenGL example: no

## ---------------- ##
## Cache variables. ##
## ---------------- ##

ac_cv_build=x86_64-unknown-linux-gnu
ac_cv_c_compiler_gnu=yes
ac_cv_c_const=yes
ac_cv_c_inline=inline
ac_cv_cxx_compiler_gnu=yes
ac_cv_env_CCC_set=
ac_cv_env_CCC_value=
ac_cv_env_CC_set=
ac_cv_env_CC_value=
ac_cv_env_CFLAGS_set=
ac_cv_env_CFLAGS_value=
ac_cv_env_CPPFLAGS_set=
ac_cv_env_CPPFLAGS_value=
ac_cv_env_CPP_set=
ac_cv_env_CPP_value=
ac_cv_env_CXXFLAGS_set=
ac_cv_env_CXXFLAGS_value=
ac_cv_env_CXX_set=
ac_cv_env_CXX_value=
ac_cv_env_LDFLAGS_set=
ac_cv_env_LDFLAGS_value=
ac_cv_env_LIBS_set=
ac_cv_env_LIBS_value=
ac_cv_env_XMKMF_set=
ac_cv_env_XMKMF_value=
ac_cv_env_build_alias_set=
ac_cv_env_build_alias_value=
ac_cv_env_host_alias_set=
ac_cv_env_host_alias_value=
ac_cv_env_target_alias_set=
ac_cv_env_target_alias_value=
ac_cv_func_connect=yes
ac_cv_func_floor=no
ac_cv_func_gethostbyname=yes
ac_cv_func_memset=yes
ac_cv_func_pow=no
ac_cv_func_remove=yes
ac_cv_func_shmat=yes
ac_cv_func_sqrt=no
ac_cv_have_x='have_x=yes	ac_x_includes='\'''\''	ac_x_libraries='\'''\'''
ac_cv_header_GL_glew_h=no
ac_cv_header_float_h=yes
ac_cv_header_inttypes_h=yes
ac_cv_header_memory_h=yes
ac_cv_header_stdbool_h=yes
ac_cv_header_stdc=yes
ac_cv_header_stdint_h=yes
ac_cv_header_stdlib_h=yes
ac_cv_header_string_h=yes
ac_cv_header_strings_h=yes
ac_cv_header_sys_stat_h=yes
ac_cv_header_sys_types_h=yes
ac_cv_header_unistd_h=yes
ac_cv_header_windows_h=no
ac_cv_host=x86_64-unknown-linux-gnu
ac_cv_lib_GLEW_glewInit=no
ac_cv_lib_ICE_IceConnectionNumber=yes
ac_cv_objext=o
ac_cv_path_EGREP='/bin/grep -E'
ac_cv_path_GREP=/bin/grep
ac_cv_path_PKG_CONFIG=/usr/bin/pkg-config
ac_cv_path_install='/usr/bin/install -c'
ac_cv_prog_AWK=mawk
ac_cv_prog_CPP='gcc -E'
ac_cv_prog_ac_ct_CC=gcc
ac_cv_prog_ac_ct_CXX=g++
ac_cv_prog_ac_ct_RANLIB=ranlib
ac_cv_prog_cc_c89=
ac_cv_prog_cc_g=yes
ac_cv_prog_cxx_g=yes
ac_cv_prog_make_make_set=yes
ac_cv_type__Bool=yes
am_cv_CC_dependencies_compiler_type=gcc3
am_cv_CXX_dependencies_compiler_type=gcc3
ax_cv_c_compiler_ms=no
ax_cv_check_gl_libgl=-lGL
ax_cv_check_glu_libglu=-lGLU
ax_cv_check_glut_libglut=-lglut

## ----------------- ##
## Output variables. ##
## ----------------- ##

ACLOCAL='${SHELL} /root/b2/missing --run aclocal-1.9'
AMDEPBACKSLASH='\'
AMDEP_FALSE='#'
AMDEP_TRUE=''
AMTAR='${SHELL} /root/b2/missing --run tar'
AUTOCONF='${SHELL} /root/b2/missing --run autoconf'
AUTOHEADER='${SHELL} /root/b2/missing --run autoheader'
AUTOMAKE='${SHELL} /root/b2/missing --run automake-1.9'
AWK='mawk'
CC='gcc'
CCDEPMODE='depmode=gcc3'
CFLAGS='-g -O2'
CPP='gcc -E'
CPPFLAGS=''
CXX='g++'
CXXDEPMODE='depmode=gcc3'
CXXFLAGS='-g -O2'
CYGPATH_W='echo'
DEFS='-DHAVE_CONFIG_H'
DEPDIR='.deps'
ECHO_C=''
ECHO_N='-n'
ECHO_T=''
EGREP='/bin/grep -E'
EXEEXT=''
FULLGL_FALSE='#'
FULLGL_TRUE=''
GLEW_LIBS='-lGL  -lm'
GLUT_CFLAGS='-pthread'
GLUT_LIBS='-lglut  -lSM -lICE -lXmu -lXi  -lGLU -lGL  -lm'
GLU_CFLAGS='-pthread'
GLU_LIBS='-lGLU -lGL  -lm'
GL_CFLAGS='-pthread'
GL_LIBS='-lGL  -lm'
GREP='/bin/grep'
INSTALL_DATA='${INSTALL} -m 644'
INSTALL_PROGRAM='${INSTALL}'
INSTALL_SCRIPT='${INSTALL}'
INSTALL_STRIP_PROGRAM='${SHELL} $(install_sh) -c -s'
LDFLAGS=''
LIBOBJS=''
LIBS=''
LTLIBOBJS=''
MAKEINFO='${SHELL} /root/b2/missing --run makeinfo'
OBJEXT='o'
OPENCV_CFLAGS='-I/usr/include/opencv'
OPENCV_LIBS='-lopencv_stitching -lopencv_superres -lopencv_videostab -lopencv_aruco -lopencv_bgsegm -lopencv_bioinspired -lopencv_ccalib -lopencv_dpm -lopencv_freetype -lopencv_fuzzy -lopencv_hdf -lopencv_line_descriptor -lopencv_optflow -lopencv_reg -lopencv_saliency -lopencv_stereo -lopencv_structured_light -lopencv_phase_unwrapping -lopencv_rgbd -lopencv_viz -lopencv_surface_matching -lopencv_tracking -lopencv_datasets -lopencv_text -lopencv_face -lopencv_plot -lopencv_dnn -lopencv_xfeatures2d -lopencv_shape -lopencv_video -lopencv_ximgproc -lopencv_calib3d -lopencv_features2d -lopencv_flann -lopencv_xobjdetect -lopencv_objdetect -lopencv_ml -lopencv_xphoto -lopencv_highgui -lopencv_videoio -lopencv_imgcodecs -lopencv_photo -lopencv_imgproc -lopencv_core'
PACKAGE='bazar'
PACKAGE_BUGREPORT='julien.pilet@epfl.ch'
PACKAGE_NAME='bazar'
PACKAGE_STRING='bazar 1.3.1'
PACKAGE_TARNAME='bazar'
PACKAGE_URL=''
PACKAGE_VERSION='1.3.1'
PATH_SEPARATOR=':'
PKG_CONFIG='/usr/bin/pkg-config'
PTHREAD_CC='gcc'
PTHREAD_CFLAGS='-pthread'
PTHREAD_LIBS=''
RANLIB='ranlib'
SET_MAKE=''
SHELL='/bin/sh'
STRIP=''
VERSION='1.3.1'
XMKMF=''
X_CFLAGS=''
X_EXTRA_LIBS=''
X_LIBS=''
X_PRE_LIBS=' -lSM -lICE'
ac_ct_CC='gcc'
ac_ct_CXX='g++'
acx_pthread_config=''
am__fastdepCC_FALSE='#'
am__fastdepCC_TRUE=''
am__fastdepCXX_FALSE='#'
am__fastdepCXX_TRUE=''
am__include='include'
am__leading_dot='.'
am__quote=''
am__tar='${AMTAR} chof - "$$tardir"'
am__untar='${AMTAR} xf -'
bindir='${exec_prefix}/bin'
build='x86_64-unknown-linux-gnu'
build_alias=''
build_cpu='x86_64'
build_os='linux-gnu'
build_vendor='unknown'
datadir='${datarootdir}'
datarootdir='${prefix}/share'
docdir='${datarootdir}/doc/${PACKAGE_TARNAME}'
dvidir='${docdir}'
exec_prefix='${prefix}'
host='x86_64-unknown-linux-gnu'
host_alias=''
host_cpu='x86_64'
host_os='linux-gnu'
host_vendor='unknown'
htmldir='${docdir}'
includedir='${prefix}/include'
infodir='${datarootdir}/info'
install_sh='/root/b2/install-sh'
libdir='${exec_prefix}/lib'
libexecdir='${exec_prefix}/libexec'
localedir='${datarootdir}/locale'
localstatedir='${prefix}/var'
mandir='${datarootdir}/man'
mkdir_p='mkdir -p --'
oldincludedir='/usr/include'
pdfdir='${docdir}'
prefix='/usr'
program_transform_name='s,x,x,'
psdir='${docdir}'
runstatedir='${localstatedir}/run'
sbindir='${exec_prefix}/sbin'
sharedstatedir='${prefix}/com'
sysconfdir='${prefix}/etc'
target_alias=''

## ----------- ##
## confdefs.h. ##
## ----------- ##

/* confdefs.h */
#define PACKAGE_NAME "bazar"
#define PACKAGE_TARNAME "bazar"
#define PACKAGE_VERSION "1.3.1"
#define PACKAGE_STRING "bazar 1.3.1"
#define PACKAGE_BUGREPORT "julien.pilet@epfl.ch"
#define PACKAGE_URL ""
#define PACKAGE "bazar"
#define VERSION "1.3.1"
#define HAVE_PTHREAD 1
#define STDC_HEADERS 1
#define HAVE_SYS_TYPES_H 1
#define HAVE_SYS_STAT_H 1
#define HAVE_STDLIB_H 1
#define HAVE_STRING_H 1
#define HAVE_MEMORY_H 1
#define HAVE_STRINGS_H 1
#define HAVE_INTTYPES_H 1
#define HAVE_STDINT_H 1
#define HAVE_UNISTD_H 1
#define STDC_HEADERS 1
#define HAVE_FLOAT_H 1
#define HAVE_STDLIB_H 1
#define HAVE_GL 1
#define HAVE__BOOL 1
#define HAVE_STDBOOL_H 1
#define HAVE_MEMSET 1

configure: exit 0

## ---------------------- ##
## Running config.status. ##
## ---------------------- ##

This file was extended by bazar config.status 1.3.1, which was
generated by GNU Autoconf 2.69.  Invocation command line was

  CONFIG_FILES    = 
  CONFIG_HEADERS  = 
  CONFIG_LINKS    = 
  CONFIG_COMMANDS = 
  $ ./config.status 

on 7b130117d0c9

config.status:904: creating Makefile
config.status:1007: WARNING:  'Makefile.in' seems to ignore the --datarootdir setting
config.status:904: creating garfeild/Makefile
config.status:1007: WARNING:  'garfeild/Makefile.in' seems to ignore the --datarootdir setting
config.status:904: creating garfeild/garfeild.pc
config.status:904: creating starter/Makefile
config.status:1007: WARNING:  'starter/Makefile.in' seems to ignore the --datarootdir setting
config.status:904: creating starter/starter.pc
config.status:904: creating doc/Doxyfile
config.status:904: creating doc/Makefile
config.status:1007: WARNING:  'doc/Makefile.in' seems to ignore the --datarootdir setting
config.status:904: creating samples/Makefile
config.status:1007: WARNING:  'samples/Makefile.in' seems to ignore the --datarootdir setting
config.status:904: creating samples/filedetect/Makefile
config.status:1007: WARNING:  'samples/filedetect/Makefile.in' seems to ignore the --datarootdir setting
config.status:904: creating samples/interactive/Makefile
config.status:1007: WARNING:  'samples/interactive/Makefile.in' seems to ignore the --datarootdir setting
config.status:904: creating samples/singlecalib/Makefile
config.status:1007: WARNING:  'samples/singlecalib/Makefile.in' seems to ignore the --datarootdir setting
config.status:904: creating samples/fullcalib/Makefile
config.status:1007: WARNING:  'samples/fullcalib/Makefile.in' seems to ignore the --datarootdir setting
config.status:904: creating samples/multicam/Makefile
config.status:1007: WARNING:  'samples/multicam/Makefile.in' seems to ignore the --datarootdir setting
config.status:904: creating config.h
config.status:1126: executing depfiles commands

## ---------------------- ##
## Running config.status. ##
## ---------------------- ##

This file was extended by bazar config.status 1.3.1, which was
generated by GNU Autoconf 2.69.  Invocation command line was

  CONFIG_FILES    = 
  CONFIG_HEADERS  = 
  CONFIG_LINKS    = 
  CONFIG_COMMANDS = 
  $ ./config.status config.h

on 7b130117d0c9

config.status:: creating config.h

## ---------------------- ##
## Running config.status. ##
## ---------------------- ##

This file was extended by bazar config.status 1.3.1, which was
generated by GNU Autoconf 2.69.  Invocation command line was

  CONFIG_FILES    = 
  CONFIG_HEADERS  = 
  CONFIG_LINKS    = 
  CONFIG_COMMANDS = 
  $ ./config.status samples/singlecalib/Makefile depfiles

on 7b130117d0c9

config.status:: creating samples/singlecalib/Makefile
config.status:: WARNING:  'samples/singlecalib/Makefile.in' seems to ignore the --datarootdir setting
config.status:: executing depfiles commands

## ---------------------- ##
## Running config.status. ##
## ---------------------- ##

This file was extended by bazar config.status 1.3.1, which was
generated by GNU Autoconf 2.69.  Invocation command line was

  CONFIG_FILES    = 
  CONFIG_HEADERS  = 
  CONFIG_LINKS    = 
  CONFIG_COMMANDS = 
  $ ./config.status samples/fullcalib/Makefile depfiles

on 7b130117d0c9

config.status:: creating samples/fullcalib/Makefile
config.status:: WARNING:  'samples/fullcalib/Makefile.in' seems to ignore the --datarootdir setting
config.status:: executing depfiles commands

## ---------------------- ##
## Running config.status. ##
## ---------------------- ##

This file was extended by bazar config.status 1.3.1, which was
generated by GNU Autoconf 2.69.  Invocation command line was

  CONFIG_FILES    = 
  CONFIG_HEADERS  = 
  CONFIG_LINKS    = 
  CONFIG_COMMANDS = 
  $ ./config.status samples/multicam/Makefile depfiles

on 7b130117d0c9

config.status:: creating samples/multicam/Makefile
config.status:: WARNING:  'samples/multicam/Makefile.in' seems to ignore the --datarootdir setting
config.status:: executing depfiles commands

## ---------------------- ##
## Running config.status. ##
## ---------------------- ##

This file was extended by bazar config.status 1.3.1, which was
generated by GNU Autoconf 2.69.  Invocation command line was

  CONFIG_FILES    = 
  CONFIG_HEADERS  = 
  CONFIG_LINKS    = 
  CONFIG_COMMANDS = 
  $ ./config.status samples/Makefile

on 7b130117d0c9

config.status:: creating samples/Makefile
config.status:: WARNING:  'samples/Makefile.in' seems to ignore the --datarootdir setting

## ---------------------- ##
## Running config.status. ##
## ---------------------- ##

This file was extended by bazar config.status 1.3.1, which was
generated by GNU Autoconf 2.69.  Invocation command line was

  CONFIG_FILES    = 
  CONFIG_HEADERS  = 
  CONFIG_LINKS    = 
  CONFIG_COMMANDS = 
  $ ./config.status Makefile

on 7b130117d0c9

config.status:: creating Makefile
config.status:: WARNING:  'Makefile.in' seems to ignore the --datarootdir setting
